<?xml version="1.0" encoding="UTF-8"?>
<!-- Generated by org.testng.reporters.JUnitReportReporter -->
<testsuite hostname="EC2AMAZ-S11DBRH" failures="0" tests="2" name="runners.MyTestRunner" time="11.776" errors="0" timestamp="2023-12-19T17:41:10 GMT" skipped="0">
  <testcase classname="runners.MyTestRunner" name="runScenario" time="1.005"/>
  <system-out/>
  <testcase classname="runners.MyTestRunner" name="runScenario" time="10.771"/>
  <system-out/>
</testsuite> <!-- runners.MyTestRunner -->
