<?xml version="1.0" encoding="UTF-8"?>
<!-- Generated by org.testng.reporters.JUnitReportReporter -->
<testsuite hostname="EC2AMAZ-S11DBRH" failures="0" tests="2" name="runners.MyTestRunner" time="5.473" errors="0" timestamp="2023-12-19T11:13:17 GMT" skipped="0">
  <testcase classname="runners.MyTestRunner" name="runScenario" time="4.313"/>
  <system-out/>
  <testcase classname="runners.MyTestRunner" name="runScenario" time="1.160"/>
  <system-out/>
</testsuite> <!-- runners.MyTestRunner -->
